2022-03-30 22:19:24,712 - parso.python.diff - DEBUG - diff update: diff parser start
2022-03-30 22:19:24,713 - parso.python.diff - DEBUG - diff update: line_lengths old: 9; new: 9
2022-03-30 22:19:24,713 - parso.python.diff - DEBUG - diff update: -> code[equal] old[1:8] new[1:8]
2022-03-30 22:19:24,713 - parso.python.diff - DEBUG - diff _copy_from_old_parser: copy old[1:8] new[1:8]
2022-03-30 22:19:24,713 - parso.python.diff - DEBUG - diff update: -> code[replace] old[9:9] new[9:9]
2022-03-30 22:19:24,714 - parso.python.diff - DEBUG - diff _parse: parse_part from 9 to 9 (to 8 in part parser)
2022-03-30 22:19:24,714 - parso.python.diff - DEBUG - diff update: diff parser end
2022-03-30 22:19:41,608 - parso.python.diff - DEBUG - diff update: diff parser start
2022-03-30 22:19:41,608 - parso.python.diff - DEBUG - diff update: line_lengths old: 9; new: 5
2022-03-30 22:19:41,609 - parso.python.diff - DEBUG - diff update: -> code[replace] old[1:9] new[1:5]
2022-03-30 22:19:41,609 - parso.python.diff - DEBUG - diff _parse: parse_part from 1 to 5 (to 4 in part parser)
2022-03-30 22:19:41,610 - parso.python.diff - DEBUG - diff update: diff parser end
2022-03-30 22:19:42,767 - parso.python.diff - DEBUG - diff update: diff parser start
2022-03-30 22:19:42,768 - parso.python.diff - DEBUG - diff update: line_lengths old: 5; new: 5
2022-03-30 22:19:42,768 - parso.python.diff - DEBUG - diff update: -> code[equal] old[1:4] new[1:4]
2022-03-30 22:19:42,768 - parso.python.diff - DEBUG - diff _copy_from_old_parser: copy old[3:3] new[1:3]
2022-03-30 22:19:42,768 - parso.python.diff - DEBUG - diff _parse: parse_part from 4 to 5 (to 4 in part parser)
2022-03-30 22:19:42,768 - parso.python.diff - DEBUG - diff update: -> code[replace] old[5:5] new[5:5]
2022-03-30 22:19:42,769 - parso.python.diff - DEBUG - diff update: diff parser end
2022-03-30 22:20:07,721 - parso.python.diff - DEBUG - diff update: diff parser start
2022-03-30 22:20:07,721 - parso.python.diff - DEBUG - diff update: line_lengths old: 5; new: 5
2022-03-30 22:20:07,722 - parso.python.diff - DEBUG - diff update: -> code[equal] old[1:4] new[1:4]
2022-03-30 22:20:07,722 - parso.python.diff - DEBUG - diff _copy_from_old_parser: copy old[3:3] new[1:3]
2022-03-30 22:20:07,723 - parso.python.diff - DEBUG - diff _parse: parse_part from 4 to 5 (to 4 in part parser)
2022-03-30 22:20:07,724 - parso.python.diff - DEBUG - diff update: -> code[replace] old[5:5] new[5:5]
2022-03-30 22:20:07,724 - parso.python.diff - DEBUG - diff update: diff parser end
2022-03-30 22:22:49,570 - parso.python.diff - DEBUG - diff update: diff parser start
2022-03-30 22:22:49,571 - parso.python.diff - DEBUG - diff update: line_lengths old: 5; new: 3
2022-03-30 22:22:49,571 - parso.python.diff - DEBUG - diff update: -> code[equal] old[1:2] new[1:2]
2022-03-30 22:22:49,572 - parso.python.diff - DEBUG - diff _parse: parse_part from 1 to 3 (to 2 in part parser)
2022-03-30 22:22:49,572 - parso.python.diff - DEBUG - diff update: -> code[replace] old[3:5] new[3:3]
2022-03-30 22:22:49,572 - parso.python.diff - DEBUG - diff update: diff parser end
2022-03-30 22:22:49,633 - parso.cache - DEBUG - cache _load_from_file_system: pickle loaded: /Users/watcharapongwongrattanasirikul/opt/anaconda3/lib/python3.8/site-packages/pandas/core/frame.py
2022-03-30 22:22:49,661 - parso.cache - DEBUG - cache _load_from_file_system: pickle loaded: /Users/watcharapongwongrattanasirikul/opt/anaconda3/lib/python3.8/site-packages/pandas/__init__.py
2022-03-30 22:22:49,664 - parso.cache - DEBUG - cache _load_from_file_system: pickle loaded: /Users/watcharapongwongrattanasirikul/opt/anaconda3/lib/python3.8/site-packages/pandas/core/__init__.py
2022-03-30 22:22:49,729 - parso.cache - DEBUG - cache _load_from_file_system: pickle loaded: /Users/watcharapongwongrattanasirikul/opt/anaconda3/lib/python3.8/site-packages/pandas/core/generic.py
2022-03-30 22:22:49,768 - parso.cache - DEBUG - cache _load_from_file_system: pickle loaded: /Users/watcharapongwongrattanasirikul/opt/anaconda3/lib/python3.8/site-packages/pandas/core/base.py
2022-03-30 22:22:49,818 - parso.cache - DEBUG - cache _load_from_file_system: pickle loaded: /Users/watcharapongwongrattanasirikul/opt/anaconda3/lib/python3.8/site-packages/pandas/core/accessor.py
2022-03-30 22:22:49,846 - parso.cache - DEBUG - cache _load_from_file_system: pickle loaded: /Users/watcharapongwongrattanasirikul/opt/anaconda3/lib/python3.8/site-packages/pandas/core/indexing.py
2022-03-30 22:22:49,862 - parso.cache - DEBUG - cache _load_from_file_system: pickle loaded: /Users/watcharapongwongrattanasirikul/opt/anaconda3/lib/python3.8/site-packages/pandas/core/arraylike.py
2022-03-30 22:22:49,870 - parso.cache - DEBUG - cache _load_from_file_system: pickle loaded: /Users/watcharapongwongrattanasirikul/opt/anaconda3/lib/python3.8/site-packages/pandas/_typing.py
2022-03-30 22:22:49,895 - parso.cache - DEBUG - cache _load_from_file_system: pickle loaded: /Users/watcharapongwongrattanasirikul/opt/anaconda3/lib/python3.8/typing.py
2022-03-30 22:22:49,913 - parso.cache - DEBUG - cache _load_from_file_system: pickle loaded: /Users/watcharapongwongrattanasirikul/opt/anaconda3/lib/python3.8/site-packages/jedi/third_party/typeshed/stdlib/3/typing.pyi
2022-03-30 22:22:49,961 - parso.cache - DEBUG - cache _load_from_file_system: pickle loaded: /Users/watcharapongwongrattanasirikul/opt/anaconda3/lib/python3.8/site-packages/pandas/core/series.py
2022-03-30 22:22:50,057 - parso.cache - DEBUG - cache _load_from_file_system: pickle loaded: /Users/watcharapongwongrattanasirikul/opt/anaconda3/lib/python3.8/site-packages/pandas/core/common.py
2022-03-30 22:22:50,065 - parso.cache - DEBUG - cache _load_from_file_system: pickle loaded: /Users/watcharapongwongrattanasirikul/opt/anaconda3/lib/python3.8/site-packages/pandas/_libs/__init__.py
2022-03-30 22:22:50,234 - parso.cache - DEBUG - cache _load_from_file_system: pickle loaded: /Users/watcharapongwongrattanasirikul/opt/anaconda3/lib/python3.8/site-packages/pandas/core/indexes/__init__.py
2022-03-30 22:22:50,239 - parso.cache - DEBUG - cache _load_from_file_system: pickle loaded: /Users/watcharapongwongrattanasirikul/opt/anaconda3/lib/python3.8/site-packages/pandas/core/indexes/api.py
2022-03-30 22:22:50,286 - parso.cache - DEBUG - cache _load_from_file_system: pickle loaded: /Users/watcharapongwongrattanasirikul/opt/anaconda3/lib/python3.8/site-packages/pandas/core/indexes/base.py
2022-03-30 22:22:50,607 - parso.cache - DEBUG - cache _load_from_file_system: pickle loaded: /Users/watcharapongwongrattanasirikul/opt/anaconda3/lib/python3.8/site-packages/pandas/core/arrays/__init__.py
2022-03-30 22:22:50,618 - parso.cache - DEBUG - cache _load_from_file_system: pickle loaded: /Users/watcharapongwongrattanasirikul/opt/anaconda3/lib/python3.8/site-packages/pandas/core/arrays/base.py
2022-03-30 22:22:50,627 - parso.cache - DEBUG - cache _load_from_file_system: pickle loaded: /Users/watcharapongwongrattanasirikul/opt/anaconda3/lib/python3.8/site-packages/numpy/__init__.py
2022-03-30 22:22:50,632 - parso.cache - DEBUG - cache _load_from_file_system: pickle loaded: /Users/watcharapongwongrattanasirikul/opt/anaconda3/lib/python3.8/site-packages/numpy/core/__init__.py
2022-03-30 22:22:50,651 - parso.cache - DEBUG - cache _load_from_file_system: pickle loaded: /Users/watcharapongwongrattanasirikul/opt/anaconda3/lib/python3.8/site-packages/numpy/core/numeric.py
2022-03-30 22:22:50,664 - parso.cache - DEBUG - cache _load_from_file_system: pickle loaded: /Users/watcharapongwongrattanasirikul/opt/anaconda3/lib/python3.8/site-packages/numpy/core/umath.py
2022-03-30 22:22:50,670 - parso.cache - DEBUG - cache _load_from_file_system: pickle loaded: /Users/watcharapongwongrattanasirikul/opt/anaconda3/lib/python3.8/site-packages/numpy/core/numerictypes.py
2022-03-30 22:22:50,684 - parso.cache - DEBUG - cache _load_from_file_system: pickle loaded: /Users/watcharapongwongrattanasirikul/opt/anaconda3/lib/python3.8/site-packages/numpy/core/fromnumeric.py
2022-03-30 22:22:50,701 - parso.cache - DEBUG - cache _load_from_file_system: pickle loaded: /Users/watcharapongwongrattanasirikul/opt/anaconda3/lib/python3.8/site-packages/numpy/core/arrayprint.py
2022-03-30 22:22:50,705 - parso.cache - DEBUG - cache _load_from_file_system: pickle loaded: /Users/watcharapongwongrattanasirikul/opt/anaconda3/lib/python3.8/site-packages/numpy/core/_asarray.py
2022-03-30 22:22:50,710 - parso.cache - DEBUG - cache _load_from_file_system: pickle loaded: /Users/watcharapongwongrattanasirikul/opt/anaconda3/lib/python3.8/site-packages/numpy/core/_ufunc_config.py
2022-03-30 22:22:50,746 - parso.cache - DEBUG - cache _load_from_file_system: pickle loaded: /Users/watcharapongwongrattanasirikul/opt/anaconda3/lib/python3.8/site-packages/numpy/core/records.py
2022-03-30 22:22:50,750 - parso.cache - DEBUG - cache _load_from_file_system: pickle loaded: /Users/watcharapongwongrattanasirikul/opt/anaconda3/lib/python3.8/site-packages/numpy/core/memmap.py
2022-03-30 22:22:50,755 - parso.cache - DEBUG - cache _load_from_file_system: pickle loaded: /Users/watcharapongwongrattanasirikul/opt/anaconda3/lib/python3.8/site-packages/numpy/core/function_base.py
2022-03-30 22:22:50,760 - parso.cache - DEBUG - cache _load_from_file_system: pickle loaded: /Users/watcharapongwongrattanasirikul/opt/anaconda3/lib/python3.8/site-packages/numpy/core/machar.py
2022-03-30 22:22:50,770 - parso.cache - DEBUG - cache _load_from_file_system: pickle loaded: /Users/watcharapongwongrattanasirikul/opt/anaconda3/lib/python3.8/site-packages/numpy/core/getlimits.py
2022-03-30 22:22:50,780 - parso.cache - DEBUG - cache _load_from_file_system: pickle loaded: /Users/watcharapongwongrattanasirikul/opt/anaconda3/lib/python3.8/site-packages/numpy/core/shape_base.py
2022-03-30 22:22:50,797 - parso.cache - DEBUG - cache _load_from_file_system: pickle loaded: /Users/watcharapongwongrattanasirikul/opt/anaconda3/lib/python3.8/site-packages/numpy/core/einsumfunc.py
2022-03-30 22:22:50,800 - parso.cache - DEBUG - cache _load_from_file_system: pickle loaded: /Users/watcharapongwongrattanasirikul/opt/anaconda3/lib/python3.8/site-packages/numpy/lib/__init__.py
2022-03-30 22:22:50,808 - parso.cache - DEBUG - cache _load_from_file_system: pickle loaded: /Users/watcharapongwongrattanasirikul/opt/anaconda3/lib/python3.8/site-packages/numpy/lib/type_check.py
2022-03-30 22:22:50,817 - parso.cache - DEBUG - cache _load_from_file_system: pickle loaded: /Users/watcharapongwongrattanasirikul/opt/anaconda3/lib/python3.8/site-packages/numpy/lib/index_tricks.py
2022-03-30 22:22:50,848 - parso.cache - DEBUG - cache _load_from_file_system: pickle loaded: /Users/watcharapongwongrattanasirikul/opt/anaconda3/lib/python3.8/site-packages/numpy/lib/function_base.py
2022-03-30 22:22:50,861 - parso.cache - DEBUG - cache _load_from_file_system: pickle loaded: /Users/watcharapongwongrattanasirikul/opt/anaconda3/lib/python3.8/site-packages/numpy/lib/nanfunctions.py
2022-03-30 22:22:50,873 - parso.cache - DEBUG - cache _load_from_file_system: pickle loaded: /Users/watcharapongwongrattanasirikul/opt/anaconda3/lib/python3.8/site-packages/numpy/lib/shape_base.py
2022-03-30 22:22:50,900 - parso.cache - DEBUG - cache _load_from_file_system: pickle loaded: /Users/watcharapongwongrattanasirikul/opt/anaconda3/lib/python3.8/site-packages/numpy/lib/stride_tricks.py
2022-03-30 22:22:50,907 - parso.cache - DEBUG - cache _load_from_file_system: pickle loaded: /Users/watcharapongwongrattanasirikul/opt/anaconda3/lib/python3.8/site-packages/numpy/lib/twodim_base.py
2022-03-30 22:22:50,910 - parso.cache - DEBUG - cache _load_from_file_system: pickle loaded: /Users/watcharapongwongrattanasirikul/opt/anaconda3/lib/python3.8/site-packages/numpy/lib/ufunclike.py
2022-03-30 22:22:50,920 - parso.cache - DEBUG - cache _load_from_file_system: pickle loaded: /Users/watcharapongwongrattanasirikul/opt/anaconda3/lib/python3.8/site-packages/numpy/lib/histograms.py
2022-03-30 22:22:50,933 - parso.cache - DEBUG - cache _load_from_file_system: pickle loaded: /Users/watcharapongwongrattanasirikul/opt/anaconda3/lib/python3.8/site-packages/numpy/lib/polynomial.py
2022-03-30 22:22:50,946 - parso.cache - DEBUG - cache _load_from_file_system: pickle loaded: /Users/watcharapongwongrattanasirikul/opt/anaconda3/lib/python3.8/site-packages/numpy/lib/utils.py
2022-03-30 22:22:50,954 - parso.cache - DEBUG - cache _load_from_file_system: pickle loaded: /Users/watcharapongwongrattanasirikul/opt/anaconda3/lib/python3.8/site-packages/numpy/lib/arraysetops.py
2022-03-30 22:22:50,979 - parso.cache - DEBUG - cache _load_from_file_system: pickle loaded: /Users/watcharapongwongrattanasirikul/opt/anaconda3/lib/python3.8/site-packages/numpy/lib/npyio.py
2022-03-30 22:22:50,987 - parso.cache - DEBUG - cache _load_from_file_system: pickle loaded: /Users/watcharapongwongrattanasirikul/opt/anaconda3/lib/python3.8/site-packages/numpy/lib/financial.py
2022-03-30 22:22:50,996 - parso.cache - DEBUG - cache _load_from_file_system: pickle loaded: /Users/watcharapongwongrattanasirikul/opt/anaconda3/lib/python3.8/site-packages/numpy/lib/arraypad.py
2022-03-30 22:22:51,000 - parso.cache - DEBUG - cache _load_from_file_system: pickle loaded: /Users/watcharapongwongrattanasirikul/opt/anaconda3/lib/python3.8/site-packages/numpy/lib/_version.py
2022-03-30 22:22:51,003 - parso.cache - DEBUG - cache _load_from_file_system: pickle loaded: /Users/watcharapongwongrattanasirikul/opt/anaconda3/lib/python3.8/site-packages/numpy/matrixlib/__init__.py
2022-03-30 22:22:51,011 - parso.cache - DEBUG - cache _load_from_file_system: pickle loaded: /Users/watcharapongwongrattanasirikul/opt/anaconda3/lib/python3.8/site-packages/numpy/matrixlib/defmatrix.py
2022-03-30 22:23:05,188 - parso.python.diff - DEBUG - diff update: diff parser start
2022-03-30 22:23:05,188 - parso.python.diff - DEBUG - diff update: line_lengths old: 3; new: 3
2022-03-30 22:23:05,188 - parso.python.diff - DEBUG - diff update: -> code[equal] old[1:2] new[1:2]
2022-03-30 22:23:05,189 - parso.python.diff - DEBUG - diff _parse: parse_part from 1 to 3 (to 2 in part parser)
2022-03-30 22:23:05,189 - parso.python.diff - DEBUG - diff update: -> code[replace] old[3:3] new[3:3]
2022-03-30 22:23:05,189 - parso.python.diff - DEBUG - diff update: diff parser end
